2026-06-06  9:20:20 0 [Note] Starting MariaDB 11.4.2-MariaDB source revision 3fca5ed772fb75e3e57c507edef2985f8eba5b12 as process 18772
2026-06-06  9:20:20 0 [Note] InnoDB: Compressed tables use zlib 1.3.1
2026-06-06  9:20:20 0 [Note] InnoDB: Using transactional memory
2026-06-06  9:20:20 0 [Note] InnoDB: Number of transaction pools: 1
2026-06-06  9:20:20 0 [Note] InnoDB: Using crc32 + pclmulqdq instructions
2026-06-06  9:20:20 0 [Note] InnoDB: Initializing buffer pool, total size = 128.000MiB, chunk size = 2.000MiB
2026-06-06  9:20:20 0 [Note] InnoDB: Completed initialization of buffer pool
2026-06-06  9:20:20 0 [Note] InnoDB: File system buffers for log disabled (block size=4096 bytes)
2026-06-06  9:20:20 0 [Note] InnoDB: End of log at LSN=47733
2026-06-06  9:20:20 0 [Note] InnoDB: Opened 3 undo tablespaces
2026-06-06  9:20:20 0 [Note] InnoDB: 128 rollback segments in 3 undo tablespaces are active.
2026-06-06  9:20:20 0 [Note] InnoDB: Setting file './ibtmp1' size to 12.000MiB. Physically writing the file full; Please wait ...
2026-06-06  9:20:20 0 [Note] InnoDB: File './ibtmp1' size is now 12.000MiB.
2026-06-06  9:20:20 0 [Note] InnoDB: log sequence number 47733; transaction id 14
2026-06-06  9:20:20 0 [Note] Plugin 'FEEDBACK' is disabled.
2026-06-06  9:20:20 0 [Note] InnoDB: Loading buffer pool(s) from C:\Users\aljailane\Videos\AburshaSERV\bin\mariadb11.4\data\ib_buffer_pool
2026-06-06  9:20:20 0 [Note] mariadbd.exe: SSPI: using principal name 'localhost', mech 'Negotiate'
2026-06-06  9:20:20 0 [Note] InnoDB: Buffer pool(s) load completed at 260606  9:20:20
2026-06-06  9:20:20 0 [Note] Server socket created on IP: '::'.
2026-06-06  9:20:20 0 [Note] Server socket created on IP: '0.0.0.0'.
2026-06-06  9:20:20 0 [Note] mariadbd.exe: Event Scheduler: Loaded 0 events
2026-06-06  9:20:20 0 [Note] C:\Users\aljailane\Videos\AburshaSERV\bin\mariadb11.4\bin\mariadbd.exe: ready for connections.
Version: '11.4.2-MariaDB'  socket: ''  port: 3306  mariadb.org binary distribution
2026-06-06  9:28:44 0 [Note] Starting MariaDB 11.4.2-MariaDB source revision 3fca5ed772fb75e3e57c507edef2985f8eba5b12 as process 24536
2026-06-06  9:28:45 0 [Note] InnoDB: Compressed tables use zlib 1.3.1
2026-06-06  9:28:45 0 [Note] InnoDB: Using transactional memory
2026-06-06  9:28:45 0 [Note] InnoDB: Number of transaction pools: 1
2026-06-06  9:28:45 0 [Note] InnoDB: Using crc32 + pclmulqdq instructions
2026-06-06  9:28:45 0 [Note] InnoDB: Initializing buffer pool, total size = 128.000MiB, chunk size = 2.000MiB
2026-06-06  9:28:45 0 [Note] InnoDB: Completed initialization of buffer pool
2026-06-06  9:28:45 0 [Note] InnoDB: File system buffers for log disabled (block size=4096 bytes)
2026-06-06  9:28:45 0 [Note] InnoDB: End of log at LSN=47733
2026-06-06  9:28:45 0 [Note] InnoDB: Opened 3 undo tablespaces
2026-06-06  9:28:45 0 [Note] InnoDB: 128 rollback segments in 3 undo tablespaces are active.
2026-06-06  9:28:45 0 [Note] InnoDB: Removed temporary tablespace data file: "./ibtmp1"
2026-06-06  9:28:45 0 [Note] InnoDB: Setting file './ibtmp1' size to 12.000MiB. Physically writing the file full; Please wait ...
2026-06-06  9:28:45 0 [Note] InnoDB: File './ibtmp1' size is now 12.000MiB.
2026-06-06  9:28:45 0 [Note] InnoDB: log sequence number 47733; transaction id 14
2026-06-06  9:28:45 0 [Note] Plugin 'FEEDBACK' is disabled.
2026-06-06  9:28:45 0 [Note] InnoDB: Loading buffer pool(s) from C:\Users\aljailane\Videos\AburshaSERV\bin\mariadb11.4\data\ib_buffer_pool
2026-06-06  9:28:45 0 [Note] mariadbd.exe: SSPI: using principal name 'localhost', mech 'Negotiate'
2026-06-06  9:28:45 0 [Note] InnoDB: Buffer pool(s) load completed at 260606  9:28:45
2026-06-06  9:28:45 0 [Note] Recovering after a crash using tc.log
2026-06-06  9:28:45 0 [Note] Starting table crash recovery...
2026-06-06  9:28:45 0 [Note] Crash table recovery finished.
2026-06-06  9:28:46 0 [Note] Server socket created on IP: '::'.
2026-06-06  9:28:46 0 [Note] Server socket created on IP: '0.0.0.0'.
2026-06-06  9:28:46 0 [Note] mariadbd.exe: Event Scheduler: Loaded 0 events
2026-06-06  9:28:46 0 [Note] C:\Users\aljailane\Videos\AburshaSERV\bin\mariadb11.4\bin\mariadbd.exe: ready for connections.
Version: '11.4.2-MariaDB'  socket: ''  port: 3306  mariadb.org binary distribution
2026-06-06 20:04:48 0 [Note] Starting MariaDB 11.4.2-MariaDB source revision 3fca5ed772fb75e3e57c507edef2985f8eba5b12 as process 9220
2026-06-06 20:04:48 0 [Note] InnoDB: Compressed tables use zlib 1.3.1
2026-06-06 20:04:48 0 [Note] InnoDB: Using transactional memory
2026-06-06 20:04:48 0 [Note] InnoDB: Number of transaction pools: 1
2026-06-06 20:04:48 0 [Note] InnoDB: Using crc32 + pclmulqdq instructions
2026-06-06 20:04:48 0 [Note] InnoDB: Initializing buffer pool, total size = 128.000MiB, chunk size = 2.000MiB
2026-06-06 20:04:48 0 [Note] InnoDB: Completed initialization of buffer pool
2026-06-06 20:04:48 0 [Note] InnoDB: File system buffers for log disabled (block size=4096 bytes)
2026-06-06 20:04:48 0 [Note] InnoDB: End of log at LSN=47733
2026-06-06 20:04:48 0 [Note] InnoDB: Opened 3 undo tablespaces
2026-06-06 20:04:48 0 [Note] InnoDB: 128 rollback segments in 3 undo tablespaces are active.
2026-06-06 20:04:48 0 [Note] InnoDB: Removed temporary tablespace data file: "./ibtmp1"
2026-06-06 20:04:48 0 [Note] InnoDB: Setting file './ibtmp1' size to 12.000MiB. Physically writing the file full; Please wait ...
2026-06-06 20:04:48 0 [Note] InnoDB: File './ibtmp1' size is now 12.000MiB.
2026-06-06 20:04:48 0 [Note] InnoDB: log sequence number 47733; transaction id 14
2026-06-06 20:04:48 0 [Note] InnoDB: Loading buffer pool(s) from C:\Users\aljailane\Videos\AburshaSERV\bin\mariadb11.4\data\ib_buffer_pool
2026-06-06 20:04:48 0 [Note] Plugin 'FEEDBACK' is disabled.
2026-06-06 20:04:48 0 [Note] mariadbd.exe: SSPI: using principal name 'localhost', mech 'Negotiate'
2026-06-06 20:04:48 0 [Note] Recovering after a crash using tc.log
2026-06-06 20:04:48 0 [Note] Starting table crash recovery...
2026-06-06 20:04:48 0 [Note] Crash table recovery finished.
2026-06-06 20:04:48 0 [Note] InnoDB: Buffer pool(s) load completed at 260606 20:04:48
2026-06-06 20:04:49 0 [Note] Server socket created on IP: '::'.
2026-06-06 20:04:49 0 [Note] Server socket created on IP: '0.0.0.0'.
2026-06-06 20:04:49 0 [Note] mariadbd.exe: Event Scheduler: Loaded 0 events
2026-06-06 20:04:49 0 [Note] C:\Users\aljailane\Videos\AburshaSERV\bin\mariadb11.4\bin\mariadbd.exe: ready for connections.
Version: '11.4.2-MariaDB'  socket: ''  port: 3306  mariadb.org binary distribution
2026-06-07  7:46:33 0 [Note] Starting MariaDB 11.4.2-MariaDB source revision 3fca5ed772fb75e3e57c507edef2985f8eba5b12 as process 25488
2026-06-07  7:46:33 0 [Note] InnoDB: Compressed tables use zlib 1.3.1
2026-06-07  7:46:33 0 [Note] InnoDB: Using transactional memory
2026-06-07  7:46:33 0 [Note] InnoDB: Number of transaction pools: 1
2026-06-07  7:46:33 0 [Note] InnoDB: Using crc32 + pclmulqdq instructions
2026-06-07  7:46:33 0 [Note] InnoDB: Initializing buffer pool, total size = 128.000MiB, chunk size = 2.000MiB
2026-06-07  7:46:33 0 [Note] InnoDB: Completed initialization of buffer pool
2026-06-07  7:46:33 0 [Note] InnoDB: File system buffers for log disabled (block size=4096 bytes)
2026-06-07  7:46:33 0 [Note] InnoDB: End of log at LSN=47733
2026-06-07  7:46:33 0 [Note] InnoDB: Opened 3 undo tablespaces
2026-06-07  7:46:33 0 [Note] InnoDB: 128 rollback segments in 3 undo tablespaces are active.
2026-06-07  7:46:33 0 [Note] InnoDB: Removed temporary tablespace data file: "./ibtmp1"
2026-06-07  7:46:33 0 [Note] InnoDB: Setting file './ibtmp1' size to 12.000MiB. Physically writing the file full; Please wait ...
2026-06-07  7:46:33 0 [Note] InnoDB: File './ibtmp1' size is now 12.000MiB.
2026-06-07  7:46:33 0 [Note] InnoDB: log sequence number 47733; transaction id 14
2026-06-07  7:46:33 0 [Note] InnoDB: Loading buffer pool(s) from C:\Users\aljailane\Videos\AburshaSERV\bin\mariadb11.4\data\ib_buffer_pool
2026-06-07  7:46:33 0 [Note] Plugin 'FEEDBACK' is disabled.
2026-06-07  7:46:33 0 [Note] mariadbd.exe: SSPI: using principal name 'localhost', mech 'Negotiate'
2026-06-07  7:46:33 0 [Note] InnoDB: Buffer pool(s) load completed at 260607  7:46:33
2026-06-07  7:46:33 0 [Note] Recovering after a crash using tc.log
2026-06-07  7:46:33 0 [Note] Starting table crash recovery...
2026-06-07  7:46:33 0 [Note] Crash table recovery finished.
2026-06-07  7:46:33 0 [Note] Server socket created on IP: '::'.
2026-06-07  7:46:33 0 [Note] Server socket created on IP: '0.0.0.0'.
2026-06-07  7:46:33 0 [Note] mariadbd.exe: Event Scheduler: Loaded 0 events
2026-06-07  7:46:33 0 [Note] C:\Users\aljailane\Videos\AburshaSERV\bin\mariadb11.4\bin\mariadbd.exe: ready for connections.
Version: '11.4.2-MariaDB'  socket: ''  port: 3306  mariadb.org binary distribution
2026-06-07  7:50:22 0 [Note] Starting MariaDB 11.4.2-MariaDB source revision 3fca5ed772fb75e3e57c507edef2985f8eba5b12 as process 25684
2026-06-07  7:50:22 0 [Note] InnoDB: Compressed tables use zlib 1.3.1
2026-06-07  7:50:22 0 [Note] InnoDB: Using transactional memory
2026-06-07  7:50:22 0 [Note] InnoDB: Number of transaction pools: 1
2026-06-07  7:50:22 0 [Note] InnoDB: Using crc32 + pclmulqdq instructions
2026-06-07  7:50:22 0 [Note] InnoDB: Initializing buffer pool, total size = 128.000MiB, chunk size = 2.000MiB
2026-06-07  7:50:22 0 [Note] InnoDB: Completed initialization of buffer pool
2026-06-07  7:50:22 0 [Note] InnoDB: File system buffers for log disabled (block size=4096 bytes)
2026-06-07  7:50:22 0 [Note] InnoDB: End of log at LSN=47733
2026-06-07  7:50:22 0 [Note] InnoDB: Opened 3 undo tablespaces
2026-06-07  7:50:22 0 [Note] InnoDB: 128 rollback segments in 3 undo tablespaces are active.
2026-06-07  7:50:22 0 [Note] InnoDB: Removed temporary tablespace data file: "./ibtmp1"
2026-06-07  7:50:22 0 [Note] InnoDB: Setting file './ibtmp1' size to 12.000MiB. Physically writing the file full; Please wait ...
2026-06-07  7:50:22 0 [Note] InnoDB: File './ibtmp1' size is now 12.000MiB.
2026-06-07  7:50:22 0 [Note] InnoDB: log sequence number 47733; transaction id 14
2026-06-07  7:50:22 0 [Note] Plugin 'FEEDBACK' is disabled.
2026-06-07  7:50:22 0 [Note] InnoDB: Loading buffer pool(s) from C:\Users\aljailane\Videos\AburshaSERV\bin\mariadb11.4\data\ib_buffer_pool
2026-06-07  7:50:22 0 [Note] mariadbd.exe: SSPI: using principal name 'localhost', mech 'Negotiate'
2026-06-07  7:50:22 0 [Note] InnoDB: Buffer pool(s) load completed at 260607  7:50:22
2026-06-07  7:50:22 0 [Note] Recovering after a crash using tc.log
2026-06-07  7:50:22 0 [Note] Starting table crash recovery...
2026-06-07  7:50:22 0 [Note] Crash table recovery finished.
2026-06-07  7:50:23 0 [Note] Server socket created on IP: '::'.
2026-06-07  7:50:23 0 [Note] Server socket created on IP: '0.0.0.0'.
2026-06-07  7:50:23 0 [Note] mariadbd.exe: Event Scheduler: Loaded 0 events
2026-06-07  7:50:23 0 [Note] C:\Users\aljailane\Videos\AburshaSERV\bin\mariadb11.4\bin\mariadbd.exe: ready for connections.
Version: '11.4.2-MariaDB'  socket: ''  port: 3306  mariadb.org binary distribution
2026-06-07  7:52:10 3 [Warning] Access denied for user 'root'@'localhost' (using password: YES)
2026-06-07  7:53:56 0 [Note] Starting MariaDB 11.4.2-MariaDB source revision 3fca5ed772fb75e3e57c507edef2985f8eba5b12 as process 10356
2026-06-07  7:53:56 0 [Note] mariadbd.exe: Aria engine: starting recovery
recovered pages: 0% 33% 67% 100% (0.0 seconds); tables to flush: 1 0 (0.0 seconds); 
2026-06-07  7:53:56 0 [Note] mariadbd.exe: Aria engine: recovery done
2026-06-07  7:53:56 0 [Note] InnoDB: Compressed tables use zlib 1.3.1
2026-06-07  7:53:56 0 [Note] InnoDB: Using transactional memory
2026-06-07  7:53:56 0 [Note] InnoDB: Number of transaction pools: 1
2026-06-07  7:53:56 0 [Note] InnoDB: Using crc32 + pclmulqdq instructions
2026-06-07  7:53:56 0 [Note] InnoDB: Initializing buffer pool, total size = 128.000MiB, chunk size = 2.000MiB
2026-06-07  7:53:56 0 [Note] InnoDB: Completed initialization of buffer pool
2026-06-07  7:53:56 0 [Note] InnoDB: File system buffers for log disabled (block size=4096 bytes)
2026-06-07  7:53:56 0 [Note] InnoDB: End of log at LSN=47733
2026-06-07  7:53:56 0 [Note] InnoDB: Opened 3 undo tablespaces
2026-06-07  7:53:56 0 [Note] InnoDB: 128 rollback segments in 3 undo tablespaces are active.
2026-06-07  7:53:56 0 [Note] InnoDB: Removed temporary tablespace data file: "./ibtmp1"
2026-06-07  7:53:56 0 [Note] InnoDB: Setting file './ibtmp1' size to 12.000MiB. Physically writing the file full; Please wait ...
2026-06-07  7:53:56 0 [Note] InnoDB: File './ibtmp1' size is now 12.000MiB.
2026-06-07  7:53:56 0 [Note] InnoDB: log sequence number 47733; transaction id 14
2026-06-07  7:53:56 0 [Note] Plugin 'FEEDBACK' is disabled.
2026-06-07  7:53:56 0 [Note] InnoDB: Loading buffer pool(s) from C:\Users\aljailane\Videos\AburshaSERV\bin\mariadb11.4\data\ib_buffer_pool
2026-06-07  7:53:56 0 [Note] mariadbd.exe: SSPI: using principal name 'localhost', mech 'Negotiate'
2026-06-07  7:53:56 0 [Note] InnoDB: Buffer pool(s) load completed at 260607  7:53:56
2026-06-07  7:53:56 0 [Note] Recovering after a crash using tc.log
2026-06-07  7:53:56 0 [Note] Starting table crash recovery...
2026-06-07  7:53:56 0 [Note] Crash table recovery finished.
2026-06-07  7:53:57 0 [Note] Server socket created on IP: '::'.
2026-06-07  7:53:57 0 [Note] Server socket created on IP: '0.0.0.0'.
2026-06-07  7:53:57 0 [Note] mariadbd.exe: Event Scheduler: Loaded 0 events
2026-06-07  7:53:57 0 [Note] C:\Users\aljailane\Videos\AburshaSERV\bin\mariadb11.4\bin\mariadbd.exe: ready for connections.
Version: '11.4.2-MariaDB'  socket: ''  port: 3306  mariadb.org binary distribution
2026-06-07  7:53:57 3 [Warning] Access denied for user 'root'@'localhost' (using password: NO)
2026-06-07  7:53:57 4 [Warning] Access denied for user 'root'@'localhost' (using password: NO)
2026-06-07  8:01:01 0 [Note] Starting MariaDB 11.4.2-MariaDB source revision 3fca5ed772fb75e3e57c507edef2985f8eba5b12 as process 26232
2026-06-07  8:01:01 0 [Note] InnoDB: Compressed tables use zlib 1.3.1
2026-06-07  8:01:01 0 [Note] InnoDB: Using transactional memory
2026-06-07  8:01:01 0 [Note] InnoDB: Number of transaction pools: 1
2026-06-07  8:01:01 0 [Note] InnoDB: Using crc32 + pclmulqdq instructions
2026-06-07  8:01:01 0 [Note] InnoDB: Initializing buffer pool, total size = 128.000MiB, chunk size = 2.000MiB
2026-06-07  8:01:01 0 [Note] InnoDB: Completed initialization of buffer pool
2026-06-07  8:01:01 0 [Note] InnoDB: File system buffers for log disabled (block size=4096 bytes)
2026-06-07  8:01:01 0 [Note] InnoDB: End of log at LSN=47733
2026-06-07  8:01:01 0 [Note] InnoDB: Opened 3 undo tablespaces
2026-06-07  8:01:01 0 [Note] InnoDB: 128 rollback segments in 3 undo tablespaces are active.
2026-06-07  8:01:01 0 [Note] InnoDB: Removed temporary tablespace data file: "./ibtmp1"
2026-06-07  8:01:01 0 [Note] InnoDB: Setting file './ibtmp1' size to 12.000MiB. Physically writing the file full; Please wait ...
2026-06-07  8:01:01 0 [Note] InnoDB: File './ibtmp1' size is now 12.000MiB.
2026-06-07  8:01:01 0 [Note] InnoDB: log sequence number 47733; transaction id 14
2026-06-07  8:01:01 0 [Note] InnoDB: Loading buffer pool(s) from C:\Users\aljailane\Videos\AburshaSERV\bin\mariadb11.4\data\ib_buffer_pool
2026-06-07  8:01:01 0 [Note] Plugin 'FEEDBACK' is disabled.
2026-06-07  8:01:01 0 [Note] mariadbd.exe: SSPI: using principal name 'localhost', mech 'Negotiate'
2026-06-07  8:01:01 0 [Note] InnoDB: Buffer pool(s) load completed at 260607  8:01:01
2026-06-07  8:01:01 0 [Note] Recovering after a crash using tc.log
2026-06-07  8:01:01 0 [Note] Starting table crash recovery...
2026-06-07  8:01:01 0 [Note] Crash table recovery finished.
2026-06-07  8:01:02 0 [Note] Server socket created on IP: '::'.
2026-06-07  8:01:02 0 [Note] Server socket created on IP: '0.0.0.0'.
2026-06-07  8:01:02 0 [Note] mariadbd.exe: Event Scheduler: Loaded 0 events
2026-06-07  8:01:02 0 [Note] C:\Users\aljailane\Videos\AburshaSERV\bin\mariadb11.4\bin\mariadbd.exe: ready for connections.
Version: '11.4.2-MariaDB'  socket: ''  port: 3306  mariadb.org binary distribution
2026-06-07  8:01:02 3 [Warning] Access denied for user 'root'@'localhost' (using password: NO)
2026-06-07  8:01:02 4 [Warning] Access denied for user 'root'@'localhost' (using password: NO)
2026-06-07  8:02:24 0 [Note] Starting MariaDB 11.4.2-MariaDB source revision 3fca5ed772fb75e3e57c507edef2985f8eba5b12 as process 23608
2026-06-07  8:02:24 0 [Note] InnoDB: Compressed tables use zlib 1.3.1
2026-06-07  8:02:24 0 [Note] InnoDB: Using transactional memory
2026-06-07  8:02:24 0 [Note] InnoDB: Number of transaction pools: 1
2026-06-07  8:02:24 0 [Note] InnoDB: Using crc32 + pclmulqdq instructions
2026-06-07  8:02:24 0 [Note] InnoDB: Initializing buffer pool, total size = 128.000MiB, chunk size = 2.000MiB
2026-06-07  8:02:24 0 [Note] InnoDB: Completed initialization of buffer pool
2026-06-07  8:02:24 0 [Note] InnoDB: File system buffers for log disabled (block size=4096 bytes)
2026-06-07  8:02:24 0 [Note] InnoDB: End of log at LSN=47733
2026-06-07  8:02:24 0 [Note] InnoDB: Opened 3 undo tablespaces
2026-06-07  8:02:24 0 [Note] InnoDB: 128 rollback segments in 3 undo tablespaces are active.
2026-06-07  8:02:24 0 [Note] InnoDB: Removed temporary tablespace data file: "./ibtmp1"
2026-06-07  8:02:24 0 [Note] InnoDB: Setting file './ibtmp1' size to 12.000MiB. Physically writing the file full; Please wait ...
2026-06-07  8:02:24 0 [Note] InnoDB: File './ibtmp1' size is now 12.000MiB.
2026-06-07  8:02:24 0 [Note] InnoDB: log sequence number 47733; transaction id 14
2026-06-07  8:02:24 0 [Note] Plugin 'FEEDBACK' is disabled.
2026-06-07  8:02:24 0 [Note] InnoDB: Loading buffer pool(s) from C:\Users\aljailane\Videos\AburshaSERV\bin\mariadb11.4\data\ib_buffer_pool
2026-06-07  8:02:24 0 [Note] mariadbd.exe: SSPI: using principal name 'localhost', mech 'Negotiate'
2026-06-07  8:02:24 0 [Note] InnoDB: Buffer pool(s) load completed at 260607  8:02:24
2026-06-07  8:02:24 0 [Note] Recovering after a crash using tc.log
2026-06-07  8:02:24 0 [Note] Starting table crash recovery...
2026-06-07  8:02:24 0 [Note] Crash table recovery finished.
2026-06-07  8:02:25 0 [Note] Server socket created on IP: '::'.
2026-06-07  8:02:25 0 [Note] Server socket created on IP: '0.0.0.0'.
2026-06-07  8:02:25 0 [Note] mariadbd.exe: Event Scheduler: Loaded 0 events
2026-06-07  8:02:25 0 [Note] C:\Users\aljailane\Videos\AburshaSERV\bin\mariadb11.4\bin\mariadbd.exe: ready for connections.
Version: '11.4.2-MariaDB'  socket: ''  port: 3306  mariadb.org binary distribution
2026-06-07  8:02:25 3 [Warning] Access denied for user 'root'@'localhost' (using password: NO)
2026-06-07  8:02:25 4 [Warning] Access denied for user 'root'@'localhost' (using password: NO)
2026-06-07  8:20:45 0 [Note] Starting MariaDB 11.4.2-MariaDB source revision 3fca5ed772fb75e3e57c507edef2985f8eba5b12 as process 11812
2026-06-07  8:20:45 0 [Note] InnoDB: Compressed tables use zlib 1.3.1
2026-06-07  8:20:45 0 [Note] InnoDB: Using transactional memory
2026-06-07  8:20:45 0 [Note] InnoDB: Number of transaction pools: 1
2026-06-07  8:20:45 0 [Note] InnoDB: Using crc32 + pclmulqdq instructions
2026-06-07  8:20:45 0 [Note] InnoDB: Initializing buffer pool, total size = 128.000MiB, chunk size = 2.000MiB
2026-06-07  8:20:45 0 [Note] InnoDB: Completed initialization of buffer pool
2026-06-07  8:20:45 0 [Note] InnoDB: File system buffers for log disabled (block size=4096 bytes)
2026-06-07  8:20:45 0 [Note] InnoDB: End of log at LSN=47733
2026-06-07  8:20:45 0 [Note] InnoDB: Opened 3 undo tablespaces
2026-06-07  8:20:45 0 [Note] InnoDB: 128 rollback segments in 3 undo tablespaces are active.
2026-06-07  8:20:45 0 [Note] InnoDB: Removed temporary tablespace data file: "./ibtmp1"
2026-06-07  8:20:45 0 [Note] InnoDB: Setting file './ibtmp1' size to 12.000MiB. Physically writing the file full; Please wait ...
2026-06-07  8:20:45 0 [Note] InnoDB: File './ibtmp1' size is now 12.000MiB.
2026-06-07  8:20:45 0 [Note] InnoDB: log sequence number 47733; transaction id 14
2026-06-07  8:20:45 0 [Note] InnoDB: Loading buffer pool(s) from C:\Users\aljailane\Videos\AburshaSERV\bin\mariadb11.4\data\ib_buffer_pool
2026-06-07  8:20:45 0 [Note] Plugin 'FEEDBACK' is disabled.
2026-06-07  8:20:45 0 [Note] mariadbd.exe: SSPI: using principal name 'localhost', mech 'Negotiate'
2026-06-07  8:20:45 0 [Note] InnoDB: Buffer pool(s) load completed at 260607  8:20:45
2026-06-07  8:20:45 0 [Note] Recovering after a crash using tc.log
2026-06-07  8:20:45 0 [Note] Starting table crash recovery...
2026-06-07  8:20:45 0 [Note] Crash table recovery finished.
2026-06-07  8:20:46 0 [Note] Server socket created on IP: '::'.
2026-06-07  8:20:46 0 [Note] Server socket created on IP: '0.0.0.0'.
2026-06-07  8:20:46 0 [Note] mariadbd.exe: Event Scheduler: Loaded 0 events
2026-06-07  8:20:46 0 [Note] C:\Users\aljailane\Videos\AburshaSERV\bin\mariadb11.4\bin\mariadbd.exe: ready for connections.
Version: '11.4.2-MariaDB'  socket: ''  port: 3306  mariadb.org binary distribution
2026-06-07  8:20:47 3 [Warning] Access denied for user 'root'@'localhost' (using password: NO)
2026-06-07  8:20:47 4 [Warning] Access denied for user 'root'@'localhost' (using password: NO)
2026-06-07  8:28:20 0 [Note] Starting MariaDB 11.4.2-MariaDB source revision 3fca5ed772fb75e3e57c507edef2985f8eba5b12 as process 26288
2026-06-07  8:28:20 0 [Note] InnoDB: Compressed tables use zlib 1.3.1
2026-06-07  8:28:20 0 [Note] InnoDB: Using transactional memory
2026-06-07  8:28:20 0 [Note] InnoDB: Number of transaction pools: 1
2026-06-07  8:28:20 0 [Note] InnoDB: Using crc32 + pclmulqdq instructions
2026-06-07  8:28:20 0 [Note] InnoDB: Initializing buffer pool, total size = 128.000MiB, chunk size = 2.000MiB
2026-06-07  8:28:20 0 [Note] InnoDB: Completed initialization of buffer pool
2026-06-07  8:28:20 0 [Note] InnoDB: File system buffers for log disabled (block size=4096 bytes)
2026-06-07  8:28:20 0 [Note] InnoDB: End of log at LSN=47733
2026-06-07  8:28:20 0 [Note] InnoDB: Opened 3 undo tablespaces
2026-06-07  8:28:20 0 [Note] InnoDB: 128 rollback segments in 3 undo tablespaces are active.
2026-06-07  8:28:20 0 [Note] InnoDB: Removed temporary tablespace data file: "./ibtmp1"
2026-06-07  8:28:20 0 [Note] InnoDB: Setting file './ibtmp1' size to 12.000MiB. Physically writing the file full; Please wait ...
2026-06-07  8:28:20 0 [Note] InnoDB: File './ibtmp1' size is now 12.000MiB.
2026-06-07  8:28:20 0 [Note] InnoDB: log sequence number 47733; transaction id 14
2026-06-07  8:28:20 0 [Note] Plugin 'FEEDBACK' is disabled.
2026-06-07  8:28:20 0 [Note] InnoDB: Loading buffer pool(s) from C:\Users\aljailane\Videos\AburshaSERV\bin\mariadb11.4\data\ib_buffer_pool
2026-06-07  8:28:20 0 [Note] mariadbd.exe: SSPI: using principal name 'localhost', mech 'Negotiate'
2026-06-07  8:28:20 0 [Note] InnoDB: Buffer pool(s) load completed at 260607  8:28:20
2026-06-07  8:28:20 0 [Note] Recovering after a crash using tc.log
2026-06-07  8:28:20 0 [Note] Starting table crash recovery...
2026-06-07  8:28:20 0 [Note] Crash table recovery finished.
2026-06-07  8:28:21 0 [Note] Server socket created on IP: '::'.
2026-06-07  8:28:21 0 [Note] Server socket created on IP: '0.0.0.0'.
2026-06-07  8:28:22 0 [Note] mariadbd.exe: Event Scheduler: Loaded 0 events
2026-06-07  8:28:22 0 [Note] C:\Users\aljailane\Videos\AburshaSERV\bin\mariadb11.4\bin\mariadbd.exe: ready for connections.
Version: '11.4.2-MariaDB'  socket: ''  port: 3306  mariadb.org binary distribution
2026-06-07  8:28:22 3 [Warning] Access denied for user 'root'@'localhost' (using password: NO)
2026-06-07  8:28:22 4 [Warning] Access denied for user 'root'@'localhost' (using password: NO)
